[2023-03-03 11:15:10] local.ERROR: Unable to read key from file file://D:\laravel\Hana-social-main/public\oauth-public.key {"exception":"[object] (LogicException(code: 0): Unable to read key from file file://D:\\laravel\\Hana-social-main/public\\oauth-public.key at D:\\laravel\\Hana-social-main\\vendor\\league\\oauth2-server\\src\\CryptKey.php:67)
[stacktrace]
#0 D:\\laravel\\Hana-social-main\\vendor\\laravel\\passport\\src\\PassportServiceProvider.php(331): League\\OAuth2\\Server\\CryptKey->__construct()
#1 D:\\laravel\\Hana-social-main\\vendor\\laravel\\passport\\src\\PassportServiceProvider.php(312): Laravel\\Passport\\PassportServiceProvider->makeCryptKey()
#2 D:\\laravel\\Hana-social-main\\vendor\\laravel\\framework\\src\\Illuminate\\Container\\Container.php(885): Laravel\\Passport\\PassportServiceProvider->Laravel\\Passport\\{closure}()
#3 D:\\laravel\\Hana-social-main\\vendor\\laravel\\framework\\src\\Illuminate\\Container\\Container.php(770): Illuminate\\Container\\Container->build()
#4 D:\\laravel\\Hana-social-main\\vendor\\laravel\\framework\\src\\Illuminate\\Foundation\\Application.php(935): Illuminate\\Container\\Container->resolve()
#5 D:\\laravel\\Hana-social-main\\vendor\\laravel\\framework\\src\\Illuminate\\Container\\Container.php(706): Illuminate\\Foundation\\Application->resolve()
#6 D:\\laravel\\Hana-social-main\\vendor\\laravel\\framework\\src\\Illuminate\\Foundation\\Application.php(920): Illuminate\\Container\\Container->make()
#7 D:\\laravel\\Hana-social-main\\vendor\\laravel\\passport\\src\\PassportServiceProvider.php(359): Illuminate\\Foundation\\Application->make()
#8 D:\\laravel\\Hana-social-main\\vendor\\laravel\\passport\\src\\PassportServiceProvider.php(343): Laravel\\Passport\\PassportServiceProvider->makeGuard()
#9 D:\\laravel\\Hana-social-main\\vendor\\laravel\\framework\\src\\Illuminate\\Auth\\AuthManager.php(113): Laravel\\Passport\\PassportServiceProvider->Laravel\\Passport\\{closure}()
#10 D:\\laravel\\Hana-social-main\\vendor\\laravel\\framework\\src\\Illuminate\\Auth\\AuthManager.php(90): Illuminate\\Auth\\AuthManager->callCustomCreator()
#11 D:\\laravel\\Hana-social-main\\vendor\\laravel\\framework\\src\\Illuminate\\Auth\\AuthManager.php(70): Illuminate\\Auth\\AuthManager->resolve()
#12 D:\\laravel\\Hana-social-main\\vendor\\laravel\\framework\\src\\Illuminate\\Foundation\\helpers.php(164): Illuminate\\Auth\\AuthManager->guard()
#13 D:\\laravel\\Hana-social-main\\app\\Http\\Middleware\\Admin\\AdminCheckout.php(13): auth()
#14 D:\\laravel\\Hana-social-main\\vendor\\laravel\\framework\\src\\Illuminate\\Pipeline\\Pipeline.php(180): App\\Http\\Middleware\\Admin\\AdminCheckout->handle()
#15 D:\\laravel\\Hana-social-main\\vendor\\laravel\\framework\\src\\Illuminate\\Routing\\Middleware\\SubstituteBindings.php(50): Illuminate\\Pipeline\\Pipeline->Illuminate\\Pipeline\\{closure}()
#16 D:\\laravel\\Hana-social-main\\vendor\\laravel\\framework\\src\\Illuminate\\Pipeline\\Pipeline.php(180): Illuminate\\Routing\\Middleware\\SubstituteBindings->handle()
#17 D:\\laravel\\Hana-social-main\\vendor\\laravel\\framework\\src\\Illuminate\\Routing\\Middleware\\ThrottleRequests.php(126): Illuminate\\Pipeline\\Pipeline->Illuminate\\Pipeline\\{closure}()
#18 D:\\laravel\\Hana-social-main\\vendor\\laravel\\framework\\src\\Illuminate\\Routing\\Middleware\\ThrottleRequests.php(92): Illuminate\\Routing\\Middleware\\ThrottleRequests->handleRequest()
#19 D:\\laravel\\Hana-social-main\\vendor\\laravel\\framework\\src\\Illuminate\\Routing\\Middleware\\ThrottleRequests.php(54): Illuminate\\Routing\\Middleware\\ThrottleRequests->handleRequestUsingNamedLimiter()
#20 D:\\laravel\\Hana-social-main\\vendor\\laravel\\framework\\src\\Illuminate\\Pipeline\\Pipeline.php(180): Illuminate\\Routing\\Middleware\\ThrottleRequests->handle()
#21 D:\\laravel\\Hana-social-main\\vendor\\laravel\\framework\\src\\Illuminate\\Pipeline\\Pipeline.php(116): Illuminate\\Pipeline\\Pipeline->Illuminate\\Pipeline\\{closure}()
#22 D:\\laravel\\Hana-social-main\\vendor\\laravel\\framework\\src\\Illuminate\\Routing\\Router.php(797): Illuminate\\Pipeline\\Pipeline->then()
#23 D:\\laravel\\Hana-social-main\\vendor\\laravel\\framework\\src\\Illuminate\\Routing\\Router.php(776): Illuminate\\Routing\\Router->runRouteWithinStack()
#24 D:\\laravel\\Hana-social-main\\vendor\\laravel\\framework\\src\\Illuminate\\Routing\\Router.php(740): Illuminate\\Routing\\Router->runRoute()
#25 D:\\laravel\\Hana-social-main\\vendor\\laravel\\framework\\src\\Illuminate\\Routing\\Router.php(729): Illuminate\\Routing\\Router->dispatchToRoute()
#26 D:\\laravel\\Hana-social-main\\vendor\\laravel\\framework\\src\\Illuminate\\Foundation\\Http\\Kernel.php(200): Illuminate\\Routing\\Router->dispatch()
#27 D:\\laravel\\Hana-social-main\\vendor\\laravel\\framework\\src\\Illuminate\\Pipeline\\Pipeline.php(141): Illuminate\\Foundation\\Http\\Kernel->Illuminate\\Foundation\\Http\\{closure}()
#28 D:\\laravel\\Hana-social-main\\vendor\\laravel\\framework\\src\\Illuminate\\Foundation\\Http\\Middleware\\TransformsRequest.php(21): Illuminate\\Pipeline\\Pipeline->Illuminate\\Pipeline\\{closure}()
#29 D:\\laravel\\Hana-social-main\\vendor\\laravel\\framework\\src\\Illuminate\\Foundation\\Http\\Middleware\\ConvertEmptyStringsToNull.php(31): Illuminate\\Foundation\\Http\\Middleware\\TransformsRequest->handle()
#30 D:\\laravel\\Hana-social-main\\vendor\\laravel\\framework\\src\\Illuminate\\Pipeline\\Pipeline.php(180): Illuminate\\Foundation\\Http\\Middleware\\ConvertEmptyStringsToNull->handle()
#31 D:\\laravel\\Hana-social-main\\vendor\\laravel\\framework\\src\\Illuminate\\Foundation\\Http\\Middleware\\TransformsRequest.php(21): Illuminate\\Pipeline\\Pipeline->Illuminate\\Pipeline\\{closure}()
#32 D:\\laravel\\Hana-social-main\\vendor\\laravel\\framework\\src\\Illuminate\\Foundation\\Http\\Middleware\\TrimStrings.php(40): Illuminate\\Foundation\\Http\\Middleware\\TransformsRequest->handle()
#33 D:\\laravel\\Hana-social-main\\vendor\\laravel\\framework\\src\\Illuminate\\Pipeline\\Pipeline.php(180): Illuminate\\Foundation\\Http\\Middleware\\TrimStrings->handle()
#34 D:\\laravel\\Hana-social-main\\vendor\\laravel\\framework\\src\\Illuminate\\Foundation\\Http\\Middleware\\ValidatePostSize.php(27): Illuminate\\Pipeline\\Pipeline->Illuminate\\Pipeline\\{closure}()
#35 D:\\laravel\\Hana-social-main\\vendor\\laravel\\framework\\src\\Illuminate\\Pipeline\\Pipeline.php(180): Illuminate\\Foundation\\Http\\Middleware\\ValidatePostSize->handle()
#36 D:\\laravel\\Hana-social-main\\vendor\\laravel\\framework\\src\\Illuminate\\Foundation\\Http\\Middleware\\PreventRequestsDuringMaintenance.php(86): Illuminate\\Pipeline\\Pipeline->Illuminate\\Pipeline\\{closure}()
#37 D:\\laravel\\Hana-social-main\\vendor\\laravel\\framework\\src\\Illuminate\\Pipeline\\Pipeline.php(180): Illuminate\\Foundation\\Http\\Middleware\\PreventRequestsDuringMaintenance->handle()
#38 D:\\laravel\\Hana-social-main\\vendor\\laravel\\framework\\src\\Illuminate\\Http\\Middleware\\HandleCors.php(62): Illuminate\\Pipeline\\Pipeline->Illuminate\\Pipeline\\{closure}()
#39 D:\\laravel\\Hana-social-main\\vendor\\laravel\\framework\\src\\Illuminate\\Pipeline\\Pipeline.php(180): Illuminate\\Http\\Middleware\\HandleCors->handle()
#40 D:\\laravel\\Hana-social-main\\vendor\\laravel\\framework\\src\\Illuminate\\Http\\Middleware\\TrustProxies.php(39): Illuminate\\Pipeline\\Pipeline->Illuminate\\Pipeline\\{closure}()
#41 D:\\laravel\\Hana-social-main\\vendor\\laravel\\framework\\src\\Illuminate\\Pipeline\\Pipeline.php(180): Illuminate\\Http\\Middleware\\TrustProxies->handle()
#42 D:\\laravel\\Hana-social-main\\vendor\\laravel\\framework\\src\\Illuminate\\Pipeline\\Pipeline.php(116): Illuminate\\Pipeline\\Pipeline->Illuminate\\Pipeline\\{closure}()
#43 D:\\laravel\\Hana-social-main\\vendor\\laravel\\framework\\src\\Illuminate\\Foundation\\Http\\Kernel.php(175): Illuminate\\Pipeline\\Pipeline->then()
#44 D:\\laravel\\Hana-social-main\\vendor\\laravel\\framework\\src\\Illuminate\\Foundation\\Http\\Kernel.php(144): Illuminate\\Foundation\\Http\\Kernel->sendRequestThroughRouter()
#45 D:\\laravel\\Hana-social-main\\public\\index.php(51): Illuminate\\Foundation\\Http\\Kernel->handle()
#46 D:\\laravel\\Hana-social-main\\vendor\\laravel\\framework\\src\\Illuminate\\Foundation\\resources\\server.php(16): require_once('...')
#47 {main}
"} 
